<?xml version="1.0" encoding="UTF-8"?>
<coverage generated="1615463531754" clover="3.2.0">
  <project timestamp="1615463531754" name="All files">
    <metrics statements="21" coveredstatements="18" conditionals="6" coveredconditionals="3" methods="1" coveredmethods="1" elements="28" coveredelements="22" complexity="0" loc="21" ncloc="21" packages="1" files="1" classes="1"/>
    <file name="index.ts" path="/Users/chazalf/amazon/EMEASASpecialistBuilders/bk-demo/MyLandingPage/infrastructure/lib/surveyService/lambda/src/index.ts">
      <metrics statements="21" coveredstatements="18" conditionals="6" coveredconditionals="3" methods="1" coveredmethods="1"/>
      <line num="1" count="1" type="stmt"/>
      <line num="4" count="1" type="stmt"/>
      <line num="9" count="1" type="stmt"/>
      <line num="11" count="1" type="stmt"/>
      <line num="14" count="1" type="stmt"/>
      <line num="21" count="1" type="stmt"/>
      <line num="22" count="1" type="stmt"/>
      <line num="24" count="1" type="cond" truecount="1" falsecount="1"/>
      <line num="25" count="1" type="stmt"/>
      <line num="28" count="0" type="stmt"/>
      <line num="31" count="1" type="stmt"/>
      <line num="33" count="1" type="cond" truecount="1" falsecount="1"/>
      <line num="34" count="0" type="stmt"/>
      <line num="35" count="0" type="stmt"/>
      <line num="37" count="1" type="stmt"/>
      <line num="39" count="1" type="stmt"/>
      <line num="41" count="1" type="stmt"/>
      <line num="51" count="1" type="stmt"/>
      <line num="53" count="1" type="stmt"/>
      <line num="57" count="1" type="stmt"/>
      <line num="63" count="1" type="stmt"/>
    </file>
  </project>
</coverage>
