{"/Users/chazalf/amazon/EMEASASpecialistBuilders/bk-demo/MyLandingPage/infrastructure/lib/surveyService/lambda/src/index.ts": {"path":"/Users/chazalf/amazon/EMEASASpecialistBuilders/bk-demo/MyLandingPage/infrastructure/lib/surveyService/lambda/src/index.ts","statementMap":{"0":{"start":{"line":1,"column":0},"end":{"line":1,"column":31}},"1":{"start":{"line":4,"column":23},"end":{"line":7,"column":2}},"2":{"start":{"line":9,"column":19},"end":{"line":9,"column":42}},"3":{"start":{"line":11,"column":17},"end":{"line":11,"column":35}},"4":{"start":{"line":14,"column":13},"end":{"line":64,"column":2}},"5":{"start":{"line":21,"column":19},"end":{"line":21,"column":22}},"6":{"start":{"line":22,"column":21},"end":{"line":22,"column":43}},"7":{"start":{"line":24,"column":2},"end":{"line":29,"column":null}},"8":{"start":{"line":25,"column":4},"end":{"line":25,"column":64}},"9":{"start":{"line":28,"column":4},"end":{"line":28,"column":64}},"10":{"start":{"line":31,"column":22},"end":{"line":31,"column":35}},"11":{"start":{"line":33,"column":2},"end":{"line":52,"column":null}},"12":{"start":{"line":34,"column":4},"end":{"line":34,"column":21}},"13":{"start":{"line":35,"column":4},"end":{"line":35,"column":47}},"14":{"start":{"line":37,"column":46},"end":{"line":37,"column":69}},"15":{"start":{"line":39,"column":16},"end":{"line":39,"column":68}},"16":{"start":{"line":41,"column":46},"end":{"line":50,"column":6}},"17":{"start":{"line":51,"column":4},"end":{"line":51,"column":45}},"18":{"start":{"line":53,"column":26},"end":{"line":55,"column":15}},"19":{"start":{"line":57,"column":40},"end":{"line":61,"column":4}},"20":{"start":{"line":63,"column":2},"end":{"line":63,"column":16}}},"fnMap":{"0":{"name":"(anonymous_0)","decl":{"start":{"line":14,"column":23},"end":{"line":14,"column":28}},"loc":{"start":{"line":16,"column":36},"end":{"line":64,"column":1}}}},"branchMap":{"0":{"loc":{"start":{"line":24,"column":2},"end":{"line":29,"column":null}},"type":"if","locations":[{"start":{"line":24,"column":2},"end":{"line":29,"column":null}},{"start":{"line":24,"column":2},"end":{"line":29,"column":null}}]},"1":{"loc":{"start":{"line":33,"column":2},"end":{"line":52,"column":null}},"type":"if","locations":[{"start":{"line":33,"column":2},"end":{"line":52,"column":null}},{"start":{"line":33,"column":2},"end":{"line":52,"column":null}}]},"2":{"loc":{"start":{"line":54,"column":6},"end":{"line":54,"column":71}},"type":"cond-expr","locations":[{"start":{"line":54,"column":6},"end":{"line":54,"column":71}},{"start":{"line":55,"column":6},"end":{"line":55,"column":15}}]}},"s":{"0":1,"1":1,"2":1,"3":1,"4":1,"5":1,"6":1,"7":1,"8":1,"9":0,"10":1,"11":1,"12":0,"13":0,"14":1,"15":1,"16":1,"17":1,"18":1,"19":1,"20":1},"f":{"0":1},"b":{"0":[1,0],"1":[0,1],"2":[1,0]}}
}
